# JRE version: 7.0_17-b02
# Java VM: Java HotSpot(TM) 64-Bit Server VM (23.7-b01 mixed mode bsd-amd64 compressed oops)
Heap
 PSYoungGen      total 22144K, used 12799K [0x0000000147f60000, 0x0000000149810000, 0x0000000160ab0000)
  eden space 19008K, 50% used [0x0000000147f60000,0x00000001488d6838,0x00000001491f0000)
  from space 3136K, 99% used [0x0000000149500000,0x0000000149809490,0x0000000149810000)
  to   space 3136K, 0% used [0x00000001491f0000,0x00000001491f0000,0x0000000149500000)
 ParOldGen       total 50624K, used 2008K [0x00000001168b0000, 0x0000000119a20000, 0x0000000147f60000)
  object space 50624K, 3% used [0x00000001168b0000,0x0000000116aa61d0,0x0000000119a20000)
 PSPermGen       total 21248K, used 17238K [0x00000001116b0000, 0x0000000112b70000, 0x00000001168b0000)
  object space 21248K, 81% used [0x00000001116b0000,0x0000000112785980,0x0000000112b70000)
GC Heap History (4 events):
Event: 1.196 GC heap before
{Heap before GC invocations=1 (full 0):
 PSYoungGen      total 22144K, used 19008K [0x0000000147f60000, 0x0000000149810000, 0x0000000160ab0000)
  eden space 19008K, 100% used [0x0000000147f60000,0x00000001491f0000,0x00000001491f0000)
  from space 3136K, 0% used [0x0000000149500000,0x0000000149500000,0x0000000149810000)
  to   space 3136K, 0% used [0x00000001491f0000,0x00000001491f0000,0x0000000149500000)
 ParOldGen       total 50624K, used 0K [0x00000001168b0000, 0x0000000119a20000, 0x0000000147f60000)
  object space 50624K, 0% used [0x00000001168b0000,0x00000001168b0000,0x0000000119a20000)
 PSPermGen       total 21248K, used 12003K [0x00000001116b0000, 0x0000000112b70000, 0x00000001168b0000)
  object space 21248K, 56% used [0x00000001116b0000,0x0000000112268e48,0x0000000112b70000)
Event: 1.207 GC heap after
Heap after GC invocations=1 (full 0):
 PSYoungGen      total 22144K, used 3133K [0x0000000147f60000, 0x0000000149810000, 0x0000000160ab0000)
  eden space 19008K, 0% used [0x0000000147f60000,0x0000000147f60000,0x00000001491f0000)
  from space 3136K, 99% used [0x00000001491f0000,0x00000001494ff5d8,0x0000000149500000)
  to   space 3136K, 0% used [0x0000000149500000,0x0000000149500000,0x0000000149810000)
 ParOldGen       total 50624K, used 8K [0x00000001168b0000, 0x0000000119a20000, 0x0000000147f60000)
  object space 50624K, 0% used [0x00000001168b0000,0x00000001168b2000,0x0000000119a20000)
 PSPermGen       total 21248K, used 12003K [0x00000001116b0000, 0x0000000112b70000, 0x00000001168b0000)
  object space 21248K, 56% used [0x00000001116b0000,0x0000000112268e48,0x0000000112b70000)
}
Event: 10.676 GC heap before
{Heap before GC invocations=2 (full 0):
 PSYoungGen      total 22144K, used 22141K [0x0000000147f60000, 0x0000000149810000, 0x0000000160ab0000)
  eden space 19008K, 100% used [0x0000000147f60000,0x00000001491f0000,0x00000001491f0000)
  from space 3136K, 99% used [0x00000001491f0000,0x00000001494ff5d8,0x0000000149500000)
  to   space 3136K, 0% used [0x0000000149500000,0x0000000149500000,0x0000000149810000)
 ParOldGen       total 50624K, used 8K [0x00000001168b0000, 0x0000000119a20000, 0x0000000147f60000)
  object space 50624K, 0% used [0x00000001168b0000,0x00000001168b2000,0x0000000119a20000)
 PSPermGen       total 21248K, used 16485K [0x00000001116b0000, 0x0000000112b70000, 0x00000001168b0000)
  object space 21248K, 77% used [0x00000001116b0000,0x00000001126c9408,0x0000000112b70000)
Event: 10.688 GC heap after
Heap after GC invocations=2 (full 0):
 PSYoungGen      total 22144K, used 3109K [0x0000000147f60000, 0x0000000149810000, 0x0000000160ab0000)
  eden space 19008K, 0% used [0x0000000147f60000,0x0000000147f60000,0x00000001491f0000)
  from space 3136K, 99% used [0x0000000149500000,0x0000000149809490,0x0000000149810000)
  to   space 3136K, 0% used [0x00000001491f0000,0x00000001491f0000,0x0000000149500000)
 ParOldGen       total 50624K, used 2008K [0x00000001168b0000, 0x0000000119a20000, 0x0000000147f60000)
  object space 50624K, 3% used [0x00000001168b0000,0x0000000116aa61d0,0x0000000119a20000)
 PSPermGen       total 21248K, used 16485K [0x00000001116b0000, 0x0000000112b70000, 0x00000001168b0000)
  object space 21248K, 77% used [0x00000001116b0000,0x00000001126c9408,0x0000000112b70000)
}

