# JRE version: 7.0_17-b02
# Java VM: Java HotSpot(TM) 64-Bit Server VM (23.7-b01 mixed mode bsd-amd64 compressed oops)
Heap
 PSYoungGen      total 22144K, used 13028K [0x000000013d640000, 0x0000000140180000, 0x0000000156190000)
  eden space 19008K, 52% used [0x000000013d640000,0x000000013dfefbc8,0x000000013e8d0000)
  from space 3136K, 99% used [0x000000013fe70000,0x0000000140179470,0x0000000140180000)
  to   space 3136K, 0% used [0x000000013e8d0000,0x000000013e8d0000,0x000000013ebe0000)
 ParOldGen       total 50624K, used 2036K [0x000000010bf90000, 0x000000010f100000, 0x000000013d640000)
  object space 50624K, 4% used [0x000000010bf90000,0x000000010c18d1e0,0x000000010f100000)
 PSPermGen       total 21248K, used 17210K [0x0000000106d90000, 0x0000000108250000, 0x000000010bf90000)
  object space 21248K, 80% used [0x0000000106d90000,0x0000000107e5e868,0x0000000108250000)
GC Heap History (4 events):
Event: 1.271 GC heap before
{Heap before GC invocations=1 (full 0):
 PSYoungGen      total 22144K, used 19008K [0x000000013d640000, 0x000000013eef0000, 0x0000000156190000)
  eden space 19008K, 100% used [0x000000013d640000,0x000000013e8d0000,0x000000013e8d0000)
  from space 3136K, 0% used [0x000000013ebe0000,0x000000013ebe0000,0x000000013eef0000)
  to   space 3136K, 0% used [0x000000013e8d0000,0x000000013e8d0000,0x000000013ebe0000)
 ParOldGen       total 50624K, used 0K [0x000000010bf90000, 0x000000010f100000, 0x000000013d640000)
  object space 50624K, 0% used [0x000000010bf90000,0x000000010bf90000,0x000000010f100000)
 PSPermGen       total 21248K, used 12007K [0x0000000106d90000, 0x0000000108250000, 0x000000010bf90000)
  object space 21248K, 56% used [0x0000000106d90000,0x0000000107949ef0,0x0000000108250000)
Event: 1.285 GC heap after
Heap after GC invocations=1 (full 0):
 PSYoungGen      total 22144K, used 3133K [0x000000013d640000, 0x0000000140180000, 0x0000000156190000)
  eden space 19008K, 0% used [0x000000013d640000,0x000000013d640000,0x000000013e8d0000)
  from space 3136K, 99% used [0x000000013e8d0000,0x000000013ebdf5f8,0x000000013ebe0000)
  to   space 3136K, 0% used [0x000000013fe70000,0x000000013fe70000,0x0000000140180000)
 ParOldGen       total 50624K, used 8K [0x000000010bf90000, 0x000000010f100000, 0x000000013d640000)
  object space 50624K, 0% used [0x000000010bf90000,0x000000010bf92000,0x000000010f100000)
 PSPermGen       total 21248K, used 12007K [0x0000000106d90000, 0x0000000108250000, 0x000000010bf90000)
  object space 21248K, 56% used [0x0000000106d90000,0x0000000107949ef0,0x0000000108250000)
}
Event: 4.992 GC heap before
{Heap before GC invocations=2 (full 0):
 PSYoungGen      total 22144K, used 22141K [0x000000013d640000, 0x0000000140180000, 0x0000000156190000)
  eden space 19008K, 100% used [0x000000013d640000,0x000000013e8d0000,0x000000013e8d0000)
  from space 3136K, 99% used [0x000000013e8d0000,0x000000013ebdf5f8,0x000000013ebe0000)
  to   space 3136K, 0% used [0x000000013fe70000,0x000000013fe70000,0x0000000140180000)
 ParOldGen       total 50624K, used 8K [0x000000010bf90000, 0x000000010f100000, 0x000000013d640000)
  object space 50624K, 0% used [0x000000010bf90000,0x000000010bf92000,0x000000010f100000)
 PSPermGen       total 21248K, used 16480K [0x0000000106d90000, 0x0000000108250000, 0x000000010bf90000)
  object space 21248K, 77% used [0x0000000106d90000,0x0000000107da83e0,0x0000000108250000)
Event: 5.006 GC heap after
Heap after GC invocations=2 (full 0):
 PSYoungGen      total 22144K, used 3109K [0x000000013d640000, 0x0000000140180000, 0x0000000156190000)
  eden space 19008K, 0% used [0x000000013d640000,0x000000013d640000,0x000000013e8d0000)
  from space 3136K, 99% used [0x000000013fe70000,0x0000000140179470,0x0000000140180000)
  to   space 3136K, 0% used [0x000000013e8d0000,0x000000013e8d0000,0x000000013ebe0000)
 ParOldGen       total 50624K, used 2036K [0x000000010bf90000, 0x000000010f100000, 0x000000013d640000)
  object space 50624K, 4% used [0x000000010bf90000,0x000000010c18d1e0,0x000000010f100000)
 PSPermGen       total 21248K, used 16480K [0x0000000106d90000, 0x0000000108250000, 0x000000010bf90000)
  object space 21248K, 77% used [0x0000000106d90000,0x0000000107da83e0,0x0000000108250000)
}

