# JRE version: 7.0_17-b02
# Java VM: Java HotSpot(TM) 64-Bit Server VM (23.7-b01 mixed mode bsd-amd64 compressed oops)
Heap
 PSYoungGen      total 22144K, used 13119K [0x000000014a4f0000, 0x000000014bda0000, 0x0000000163040000)
  eden space 19008K, 52% used [0x000000014a4f0000,0x000000014aeb5290,0x000000014b780000)
  from space 3136K, 99% used [0x000000014ba90000,0x000000014bd9aa18,0x000000014bda0000)
  to   space 3136K, 0% used [0x000000014b780000,0x000000014b780000,0x000000014ba90000)
 ParOldGen       total 50560K, used 1823K [0x0000000118e40000, 0x000000011bfa0000, 0x000000014a4f0000)
  object space 50560K, 3% used [0x0000000118e40000,0x0000000119007fe8,0x000000011bfa0000)
 PSPermGen       total 21248K, used 17248K [0x0000000113c40000, 0x0000000115100000, 0x0000000118e40000)
  object space 21248K, 81% used [0x0000000113c40000,0x0000000114d18280,0x0000000115100000)
GC Heap History (4 events):
Event: 1.191 GC heap before
{Heap before GC invocations=1 (full 0):
 PSYoungGen      total 22144K, used 19008K [0x000000014a4f0000, 0x000000014bda0000, 0x0000000163040000)
  eden space 19008K, 100% used [0x000000014a4f0000,0x000000014b780000,0x000000014b780000)
  from space 3136K, 0% used [0x000000014ba90000,0x000000014ba90000,0x000000014bda0000)
  to   space 3136K, 0% used [0x000000014b780000,0x000000014b780000,0x000000014ba90000)
 ParOldGen       total 50560K, used 0K [0x0000000118e40000, 0x000000011bfa0000, 0x000000014a4f0000)
  object space 50560K, 0% used [0x0000000118e40000,0x0000000118e40000,0x000000011bfa0000)
 PSPermGen       total 21248K, used 12003K [0x0000000113c40000, 0x0000000115100000, 0x0000000118e40000)
  object space 21248K, 56% used [0x0000000113c40000,0x00000001147f8e28,0x0000000115100000)
Event: 1.201 GC heap after
Heap after GC invocations=1 (full 0):
 PSYoungGen      total 22144K, used 3133K [0x000000014a4f0000, 0x000000014bda0000, 0x0000000163040000)
  eden space 19008K, 0% used [0x000000014a4f0000,0x000000014a4f0000,0x000000014b780000)
  from space 3136K, 99% used [0x000000014b780000,0x000000014ba8f5d8,0x000000014ba90000)
  to   space 3136K, 0% used [0x000000014ba90000,0x000000014ba90000,0x000000014bda0000)
 ParOldGen       total 50560K, used 8K [0x0000000118e40000, 0x000000011bfa0000, 0x000000014a4f0000)
  object space 50560K, 0% used [0x0000000118e40000,0x0000000118e42000,0x000000011bfa0000)
 PSPermGen       total 21248K, used 12003K [0x0000000113c40000, 0x0000000115100000, 0x0000000118e40000)
  object space 21248K, 56% used [0x0000000113c40000,0x00000001147f8e28,0x0000000115100000)
}
Event: 12.316 GC heap before
{Heap before GC invocations=2 (full 0):
 PSYoungGen      total 22144K, used 22141K [0x000000014a4f0000, 0x000000014bda0000, 0x0000000163040000)
  eden space 19008K, 100% used [0x000000014a4f0000,0x000000014b780000,0x000000014b780000)
  from space 3136K, 99% used [0x000000014b780000,0x000000014ba8f5d8,0x000000014ba90000)
  to   space 3136K, 0% used [0x000000014ba90000,0x000000014ba90000,0x000000014bda0000)
 ParOldGen       total 50560K, used 8K [0x0000000118e40000, 0x000000011bfa0000, 0x000000014a4f0000)
  object space 50560K, 0% used [0x0000000118e40000,0x0000000118e42000,0x000000011bfa0000)
 PSPermGen       total 21248K, used 16510K [0x0000000113c40000, 0x0000000115100000, 0x0000000118e40000)
  object space 21248K, 77% used [0x0000000113c40000,0x0000000114c5f878,0x0000000115100000)
Event: 12.339 GC heap after
Heap after GC invocations=2 (full 0):
 PSYoungGen      total 22144K, used 3114K [0x000000014a4f0000, 0x000000014bda0000, 0x0000000163040000)
  eden space 19008K, 0% used [0x000000014a4f0000,0x000000014a4f0000,0x000000014b780000)
  from space 3136K, 99% used [0x000000014ba90000,0x000000014bd9aa18,0x000000014bda0000)
  to   space 3136K, 0% used [0x000000014b780000,0x000000014b780000,0x000000014ba90000)
 ParOldGen       total 50560K, used 1823K [0x0000000118e40000, 0x000000011bfa0000, 0x000000014a4f0000)
  object space 50560K, 3% used [0x0000000118e40000,0x0000000119007fe8,0x000000011bfa0000)
 PSPermGen       total 21248K, used 16510K [0x0000000113c40000, 0x0000000115100000, 0x0000000118e40000)
  object space 21248K, 77% used [0x0000000113c40000,0x0000000114c5f878,0x0000000115100000)
}

